<?xml version="1.0" encoding="UTF-8"?>
<testng-results ignored="0" total="3" passed="2" failed="1" skipped="0">
  <reporter-output>
  </reporter-output>
  <suite started-at="2023-08-21T12:40:57 IST" name="Default suite" finished-at="2023-08-21T12:41:59 IST" duration-ms="61374">
    <groups>
    </groups>
    <test started-at="2023-08-21T12:40:57 IST" name="Default test" finished-at="2023-08-21T12:41:59 IST" duration-ms="61374">
      <class name="TestClasses.Home_Lexus_Test">
        <test-method is-config="true" signature="tearUp()[pri:0, instance:TestClasses.Home_Lexus_Test@313ac989]" started-at="2023-08-21T12:40:57 IST" name="tearUp" finished-at="2023-08-21T12:41:10 IST" duration-ms="12642" status="PASS">
          <reporter-output>
          </reporter-output>
        </test-method> <!-- tearUp -->
        <test-method signature="Verify_NavigatingToUx_LexusPage_And_VideoLoad()[pri:0, instance:TestClasses.Home_Lexus_Test@313ac989]" started-at="2023-08-21T12:41:10 IST" name="Verify_NavigatingToUx_LexusPage_And_VideoLoad" finished-at="2023-08-21T12:41:22 IST" duration-ms="12039" status="PASS">
          <reporter-output>
          </reporter-output>
        </test-method> <!-- Verify_NavigatingToUx_LexusPage_And_VideoLoad -->
        <test-method is-config="true" signature="tearDown()[pri:0, instance:TestClasses.Home_Lexus_Test@313ac989]" started-at="2023-08-21T12:41:22 IST" name="tearDown" finished-at="2023-08-21T12:41:22 IST" duration-ms="248" status="PASS">
          <reporter-output>
          </reporter-output>
        </test-method> <!-- tearDown -->
        <test-method is-config="true" signature="tearUp()[pri:0, instance:TestClasses.Home_Lexus_Test@313ac989]" started-at="2023-08-21T12:41:22 IST" name="tearUp" finished-at="2023-08-21T12:41:34 IST" duration-ms="12006" status="PASS">
          <reporter-output>
          </reporter-output>
        </test-method> <!-- tearUp -->
        <test-method signature="fill_BookTestDrive_Form()[pri:0, instance:TestClasses.Home_Lexus_Test@313ac989]" started-at="2023-08-21T12:41:34 IST" name="fill_BookTestDrive_Form" finished-at="2023-08-21T12:41:47 IST" duration-ms="12806" status="FAIL">
          <exception class="org.openqa.selenium.ElementClickInterceptedException">
            <message>
              <![CDATA[element click intercepted: Element <a href="https://www.lexus.com.sg/en/contact-us/book-a-test-drive.html?model=ux%20250h" class="mdc-button mdc-button--outlined mdc-ripple-upgraded">...</a> is not clickable at point (1422, 25). Other element would receive the click: <ul>...</ul>
  (Session info: chrome=116.0.5845.96)
Build info: version: '4.9.0', revision: 'd7057100a6'
System info: os.name: 'Windows 10', os.arch: 'amd64', os.version: '10.0', java.version: '17'
Driver info: org.openqa.selenium.chrome.ChromeDriver
Command: [5b75d8ee6a6e9899354f4426fe81a2a3, clickElement {id=0BA56FBC15A3B496ECF39CFD788AF948_element_120}]
Capabilities {acceptInsecureCerts: false, browserName: chrome, browserVersion: 116.0.5845.96, chrome: {chromedriverVersion: 116.0.5845.96 (1a3918166880..., userDataDir: C:\Users\HFA9B~1.MAD\AppDat...}, fedcm:accounts: true, goog:chromeOptions: {debuggerAddress: localhost:51110}, networkConnectionEnabled: false, pageLoadStrategy: normal, platformName: WINDOWS, proxy: Proxy(), se:cdp: ws://localhost:51110/devtoo..., se:cdpVersion: 116.0.5845.96, setWindowRect: true, strictFileInteractability: false, timeouts: {implicit: 0, pageLoad: 300000, script: 30000}, unhandledPromptBehavior: dismiss and notify, webauthn:extension:credBlob: true, webauthn:extension:largeBlob: true, webauthn:extension:minPinLength: true, webauthn:extension:prf: true, webauthn:virtualAuthenticators: true}
Element: [[ChromeDriver: chrome on WINDOWS (5b75d8ee6a6e9899354f4426fe81a2a3)] -> css selector: .list__explore li[data-id="ux-250h"] .list__explore_cont div:nth-of-type(4) p:nth-of-type(1) a]
Session ID: 5b75d8ee6a6e9899354f4426fe81a2a3]]>
            </message>
            <full-stacktrace>
              <![CDATA[org.openqa.selenium.ElementClickInterceptedException: element click intercepted: Element <a href="https://www.lexus.com.sg/en/contact-us/book-a-test-drive.html?model=ux%20250h" class="mdc-button mdc-button--outlined mdc-ripple-upgraded">...</a> is not clickable at point (1422, 25). Other element would receive the click: <ul>...</ul>
  (Session info: chrome=116.0.5845.96)
Build info: version: '4.9.0', revision: 'd7057100a6'
System info: os.name: 'Windows 10', os.arch: 'amd64', os.version: '10.0', java.version: '17'
Driver info: org.openqa.selenium.chrome.ChromeDriver
Command: [5b75d8ee6a6e9899354f4426fe81a2a3, clickElement {id=0BA56FBC15A3B496ECF39CFD788AF948_element_120}]
Capabilities {acceptInsecureCerts: false, browserName: chrome, browserVersion: 116.0.5845.96, chrome: {chromedriverVersion: 116.0.5845.96 (1a3918166880..., userDataDir: C:\Users\HFA9B~1.MAD\AppDat...}, fedcm:accounts: true, goog:chromeOptions: {debuggerAddress: localhost:51110}, networkConnectionEnabled: false, pageLoadStrategy: normal, platformName: WINDOWS, proxy: Proxy(), se:cdp: ws://localhost:51110/devtoo..., se:cdpVersion: 116.0.5845.96, setWindowRect: true, strictFileInteractability: false, timeouts: {implicit: 0, pageLoad: 300000, script: 30000}, unhandledPromptBehavior: dismiss and notify, webauthn:extension:credBlob: true, webauthn:extension:largeBlob: true, webauthn:extension:minPinLength: true, webauthn:extension:prf: true, webauthn:virtualAuthenticators: true}
Element: [[ChromeDriver: chrome on WINDOWS (5b75d8ee6a6e9899354f4426fe81a2a3)] -> css selector: .list__explore li[data-id="ux-250h"] .list__explore_cont div:nth-of-type(4) p:nth-of-type(1) a]
Session ID: 5b75d8ee6a6e9899354f4426fe81a2a3
at java.base/jdk.internal.reflect.NativeConstructorAccessorImpl.newInstance0(Native Method)
at java.base/jdk.internal.reflect.NativeConstructorAccessorImpl.newInstance(NativeConstructorAccessorImpl.java:77)
at java.base/jdk.internal.reflect.DelegatingConstructorAccessorImpl.newInstance(DelegatingConstructorAccessorImpl.java:45)
at java.base/java.lang.reflect.Constructor.newInstanceWithCaller(Constructor.java:499)
at java.base/java.lang.reflect.Constructor.newInstance(Constructor.java:480)
at org.openqa.selenium.remote.codec.w3c.W3CHttpResponseCodec.createException(W3CHttpResponseCodec.java:200)
at org.openqa.selenium.remote.codec.w3c.W3CHttpResponseCodec.decode(W3CHttpResponseCodec.java:133)
at org.openqa.selenium.remote.codec.w3c.W3CHttpResponseCodec.decode(W3CHttpResponseCodec.java:53)
at org.openqa.selenium.remote.HttpCommandExecutor.execute(HttpCommandExecutor.java:193)
at org.openqa.selenium.remote.service.DriverCommandExecutor.invokeExecute(DriverCommandExecutor.java:183)
at org.openqa.selenium.remote.service.DriverCommandExecutor.execute(DriverCommandExecutor.java:158)
at org.openqa.selenium.remote.RemoteWebDriver.execute(RemoteWebDriver.java:543)
at org.openqa.selenium.remote.RemoteWebElement.execute(RemoteWebElement.java:257)
at org.openqa.selenium.remote.RemoteWebElement.click(RemoteWebElement.java:78)
at java.base/jdk.internal.reflect.NativeMethodAccessorImpl.invoke0(Native Method)
at java.base/jdk.internal.reflect.NativeMethodAccessorImpl.invoke(NativeMethodAccessorImpl.java:77)
at java.base/jdk.internal.reflect.DelegatingMethodAccessorImpl.invoke(DelegatingMethodAccessorImpl.java:43)
at java.base/java.lang.reflect.Method.invoke(Method.java:568)
at org.openqa.selenium.support.pagefactory.internal.LocatingElementHandler.invoke(LocatingElementHandler.java:52)
at jdk.proxy2/jdk.proxy2.$Proxy16.click(Unknown Source)
at Pages_Package.Ux_SUV_Page.goTo_TestDriveBookingPage(Ux_SUV_Page.java:58)
at TestClasses.Home_Lexus_Test.fill_BookTestDrive_Form(Home_Lexus_Test.java:83)
at java.base/jdk.internal.reflect.NativeMethodAccessorImpl.invoke0(Native Method)
at java.base/jdk.internal.reflect.NativeMethodAccessorImpl.invoke(NativeMethodAccessorImpl.java:77)
at java.base/jdk.internal.reflect.DelegatingMethodAccessorImpl.invoke(DelegatingMethodAccessorImpl.java:43)
at java.base/java.lang.reflect.Method.invoke(Method.java:568)
at org.testng.internal.invokers.MethodInvocationHelper.invokeMethod(MethodInvocationHelper.java:139)
at org.testng.internal.invokers.TestInvoker.invokeMethod(TestInvoker.java:677)
at org.testng.internal.invokers.TestInvoker.invokeTestMethod(TestInvoker.java:221)
at org.testng.internal.invokers.MethodRunner.runInSequence(MethodRunner.java:50)
at org.testng.internal.invokers.TestInvoker$MethodInvocationAgent.invoke(TestInvoker.java:969)
at org.testng.internal.invokers.TestInvoker.invokeTestMethods(TestInvoker.java:194)
at org.testng.internal.invokers.TestMethodWorker.invokeTestMethods(TestMethodWorker.java:148)
at org.testng.internal.invokers.TestMethodWorker.run(TestMethodWorker.java:128)
at java.base/java.util.ArrayList.forEach(ArrayList.java:1511)
at org.testng.TestRunner.privateRun(TestRunner.java:829)
at org.testng.TestRunner.run(TestRunner.java:602)
at org.testng.SuiteRunner.runTest(SuiteRunner.java:437)
at org.testng.SuiteRunner.runSequentially(SuiteRunner.java:431)
at org.testng.SuiteRunner.privateRun(SuiteRunner.java:391)
at org.testng.SuiteRunner.run(SuiteRunner.java:330)
at org.testng.SuiteRunnerWorker.runSuite(SuiteRunnerWorker.java:52)
at org.testng.SuiteRunnerWorker.run(SuiteRunnerWorker.java:95)
at org.testng.TestNG.runSuitesSequentially(TestNG.java:1256)
at org.testng.TestNG.runSuitesLocally(TestNG.java:1176)
at org.testng.TestNG.runSuites(TestNG.java:1099)
at org.testng.TestNG.run(TestNG.java:1067)
at org.testng.remote.AbstractRemoteTestNG.run(AbstractRemoteTestNG.java:115)
at org.testng.remote.RemoteTestNG.initAndRun(RemoteTestNG.java:251)
at org.testng.remote.RemoteTestNG.main(RemoteTestNG.java:77)
]]>
            </full-stacktrace>
          </exception> <!-- org.openqa.selenium.ElementClickInterceptedException -->
          <reporter-output>
          </reporter-output>
        </test-method> <!-- fill_BookTestDrive_Form -->
        <test-method is-config="true" signature="tearDown()[pri:0, instance:TestClasses.Home_Lexus_Test@313ac989]" started-at="2023-08-21T12:41:47 IST" name="tearDown" finished-at="2023-08-21T12:41:47 IST" duration-ms="249" status="PASS">
          <reporter-output>
          </reporter-output>
        </test-method> <!-- tearDown -->
        <test-method is-config="true" signature="tearUp()[pri:0, instance:TestClasses.Home_Lexus_Test@313ac989]" started-at="2023-08-21T12:41:47 IST" name="tearUp" finished-at="2023-08-21T12:41:58 IST" duration-ms="11010" status="PASS">
          <reporter-output>
          </reporter-output>
        </test-method> <!-- tearUp -->
        <test-method signature="validateMainBannerName()[pri:0, instance:TestClasses.Home_Lexus_Test@313ac989]" started-at="2023-08-21T12:41:58 IST" name="validateMainBannerName" finished-at="2023-08-21T12:41:59 IST" duration-ms="105" status="PASS">
          <reporter-output>
          </reporter-output>
        </test-method> <!-- validateMainBannerName -->
        <test-method is-config="true" signature="tearDown()[pri:0, instance:TestClasses.Home_Lexus_Test@313ac989]" started-at="2023-08-21T12:41:59 IST" name="tearDown" finished-at="2023-08-21T12:41:59 IST" duration-ms="191" status="PASS">
          <reporter-output>
          </reporter-output>
        </test-method> <!-- tearDown -->
      </class> <!-- TestClasses.Home_Lexus_Test -->
    </test> <!-- Default test -->
  </suite> <!-- Default suite -->
</testng-results>
